INFO:main.views:user just logged in
INFO:main.views: just logged out
INFO:django.utils.autoreload:/home/andrushens/repos/isp/lab3/main/views.py changed, reloading.
INFO:django.utils.autoreload:/home/andrushens/repos/isp/lab3/main/views.py changed, reloading.
INFO:django.utils.autoreload:/home/andrushens/repos/isp/lab3/main/views.py changed, reloading.
INFO:django.utils.autoreload:/home/andrushens/repos/isp/lab3/main/views.py changed, reloading.
INFO:django.utils.autoreload:/home/andrushens/repos/isp/lab3/main/views.py changed, reloading.
INFO:django.utils.autoreload:/home/andrushens/repos/isp/lab3/main/views.py changed, reloading.
INFO:django.utils.autoreload:/home/andrushens/repos/isp/lab3/main/views.py changed, reloading.
INFO:django.utils.autoreload:/home/andrushens/repos/isp/lab3/main/views.py changed, reloading.
INFO:django.utils.autoreload:/home/andrushens/repos/isp/lab3/main/views.py changed, reloading.
INFO:django.utils.autoreload:/home/andrushens/repos/isp/lab3/main/views.py changed, reloading.
INFO:django.utils.autoreload:/home/andrushens/repos/isp/lab3/main/views.py changed, reloading.
INFO:django.utils.autoreload:/home/andrushens/repos/isp/lab3/main/views.py changed, reloading.
INFO:main.views:user just logged in
INFO:main.views:user just logged out
INFO:main.views:user just logged in
INFO:main.views:user just created review Title
INFO:main.views:user just logged out
INFO:main.views:user just logged in
